client-student/build/outputs/logs/manifest-merger-debug-report.txt
-- Merging decision tree log ---
manifest
ADDED from src\main\AndroidManifest.xml:2:1-80:12
INJECTED from src\main\AndroidManifest.xml:2:1-80:12
INJECTED from src\main\AndroidManifest.xml:2:1-80:12
INJECTED from src\main\AndroidManifest.xml:2:1-80:12
MERGED from [com.github.littlejigege:suger:v0.0.8.7] AndroidManifest.xml:2:1-11:12
MERGED from [com.android.support:design:27.1.0] AndroidManifest.xml:17:1-22:12
MERGED from [com.android.support:appcompat-v7:27.1.0] AndroidManifest.xml:17:1-22:12
MERGED from [com.android.support:recyclerview-v7:27.1.0] AndroidManifest.xml:17:1-22:12
MERGED from [com.android.support:cardview-v7:25.3.1] AndroidManifest.xml:17:1-28:12
MERGED from [com.jakewharton:butterknife:8.5.1] AndroidManifest.xml:2:1-7:12
MERGED from [io.reactivex:rxandroid:1.0.1] AndroidManifest.xml:15:1-21:12
MERGED from [de.hdodenhof:circleimageview:2.0.0] AndroidManifest.xml:2:1-11:12
MERGED from [com.victor:lib:1.0.4] AndroidManifest.xml:2:1-16:12
MERGED from [jp.wasabeef:glide-transformations:2.0.1] AndroidManifest.xml:2:1-12:12
MERGED from [com.android.support:support-v4:27.1.0] AndroidManifest.xml:17:1-22:12
MERGED from [com.android.support.constraint:constraint-layout:1.0.2] AndroidManifest.xml:2:1-11:12
MERGED from [com.tinkerpatch.sdk:tinkerpatch-android-sdk:1.2.8] AndroidManifest.xml:2:1-23:12
MERGED from [com.tencent.bugly:crashreport_upgrade:1.3.5] AndroidManifest.xml:2:1-46:12
MERGED from [com.tencent.bugly:nativecrashreport:3.3.1] AndroidManifest.xml:2:1-9:12
MERGED from [com.scwang.smartrefresh:SmartRefreshLayout:1.1.0-alpha-14] AndroidManifest.xml:2:1-17:12
MERGED from [android.arch.lifecycle:extensions:1.1.1] AndroidManifest.xml:17:1-30:12
MERGED from [com.tinkerpatch.tinker:tinker-android-lib:1.9.8] AndroidManifest.xml:2:1-39:12
MERGED from [com.tinkerpatch.tinker:tinker-android-loader:1.9.8] AndroidManifest.xml:2:1-161:12
MERGED from [android.arch.lifecycle:livedata:1.1.1] AndroidManifest.xml:17:1-22:12
MERGED from [com.android.support:support-fragment:27.1.0] AndroidManifest.xml:17:1-22:12
MERGED from [android.arch.lifecycle:livedata-core:1.1.1] AndroidManifest.xml:17:1-22:12
MERGED from [android.arch.core:runtime:1.1.1] AndroidManifest.xml:17:1-22:12
MERGED from [com.android.support:transition:27.1.0] AndroidManifest.xml:17:1-22:12
MERGED from [com.android.support:animated-vector-drawable:27.1.0] AndroidManifest.xml:17:1-22:12
MERGED from [com.android.support:support-core-ui:27.1.0] AndroidManifest.xml:17:1-22:12
MERGED from [com.android.support:support-core-utils:27.1.0] AndroidManifest.xml:17:1-22:12
MERGED from [com.android.support:support-vector-drawable:27.1.0] AndroidManifest.xml:17:1-22:12
MERGED from [com.android.support:support-media-compat:27.1.0] AndroidManifest.xml:17:1-22:12
MERGED from [com.android.support:support-compat:27.1.0] AndroidManifest.xml:17:1-22:12
MERGED from [android.arch.lifecycle:runtime:1.1.1] AndroidManifest.xml:17:1-22:12
MERGED from [android.arch.lifecycle:viewmodel:1.1.1] AndroidManifest.xml:17:1-22:12
INJECTED from src\main\AndroidManifest.xml:2:1-80:12
INJECTED from src\main\AndroidManifest.xml:2:1-80:12
INJECTED from src\main\AndroidManifest.xml:2:1-80:12
	package
		ADDED from src\main\AndroidManifest.xml:3:5-35
		INJECTED from src\main\AndroidManifest.xml
		INJECTED from src\main\AndroidManifest.xml
	android:versionName
		INJECTED from src\main\AndroidManifest.xml
		ADDED from src\main\AndroidManifest.xml:2:1-80:12
		INJECTED from src\main\AndroidManifest.xml
	xmlns:android
		ADDED from src\main\AndroidManifest.xml:2:11-69
	android:versionCode
		ADDED from src\main\AndroidManifest.xml:4:5-28
		INJECTED from src\main\AndroidManifest.xml
		INJECTED from src\main\AndroidManifest.xml
uses-permission#android.permission.INTERNET
ADDED from src\main\AndroidManifest.xml:7:5-67
MERGED from [com.tinkerpatch.sdk:tinkerpatch-android-sdk:1.2.8] AndroidManifest.xml:10:5-67
MERGED from [com.tinkerpatch.sdk:tinkerpatch-android-sdk:1.2.8] AndroidManifest.xml:10:5-67
MERGED from [com.tencent.bugly:crashreport_upgrade:1.3.5] AndroidManifest.xml:12:5-67
MERGED from [com.tencent.bugly:crashreport_upgrade:1.3.5] AndroidManifest.xml:12:5-67
	android:name
		ADDED from src\main\AndroidManifest.xml:7:22-64
uses-permission#android.permission.ACCESS_NETWORK_STATE
ADDED from src\main\AndroidManifest.xml:9:5-79
MERGED from [com.tinkerpatch.sdk:tinkerpatch-android-sdk:1.2.8] AndroidManifest.xml:11:5-79
MERGED from [com.tinkerpatch.sdk:tinkerpatch-android-sdk:1.2.8] AndroidManifest.xml:11:5-79
MERGED from [com.tencent.bugly:crashreport_upgrade:1.3.5] AndroidManifest.xml:13:5-79
MERGED from [com.tencent.bugly:crashreport_upgrade:1.3.5] AndroidManifest.xml:13:5-79
	android:name
		ADDED from src\main\AndroidManifest.xml:9:22-76
uses-permission#android.permission.WRITE_EXTERNAL_STORAGE
ADDED from src\main\AndroidManifest.xml:11:5-81
MERGED from [com.tencent.bugly:crashreport_upgrade:1.3.5] AndroidManifest.xml:16:5-81
MERGED from [com.tencent.bugly:crashreport_upgrade:1.3.5] AndroidManifest.xml:16:5-81
	android:name
		ADDED from src\main\AndroidManifest.xml:11:22-78
uses-permission#android.permission.READ_EXTERNAL_STORAGE
ADDED from src\main\AndroidManifest.xml:13:5-80
	android:name
		ADDED from src\main\AndroidManifest.xml:13:22-77
uses-permission#android.permission.MOUNT_UNMOUNT_FILESYSTEMS
ADDED from src\main\AndroidManifest.xml:15:5-84
	android:name
		ADDED from src\main\AndroidManifest.xml:15:22-81
uses-permission#android.permission.READ_PHONE_STATE
ADDED from src\main\AndroidManifest.xml:16:5-75
MERGED from [com.tencent.bugly:crashreport_upgrade:1.3.5] AndroidManifest.xml:11:5-75
MERGED from [com.tencent.bugly:crashreport_upgrade:1.3.5] AndroidManifest.xml:11:5-75
	android:name
		ADDED from src\main\AndroidManifest.xml:16:22-72
uses-permission#android.permission.ACCESS_WIFI_STATE
ADDED from src\main\AndroidManifest.xml:17:5-76
MERGED from [com.tencent.bugly:crashreport_upgrade:1.3.5] AndroidManifest.xml:14:5-76
MERGED from [com.tencent.bugly:crashreport_upgrade:1.3.5] AndroidManifest.xml:14:5-76
	android:name
		ADDED from src\main\AndroidManifest.xml:17:22-73
uses-permission#android.permission.READ_LOGS
ADDED from src\main\AndroidManifest.xml:18:5-68
MERGED from [com.tencent.bugly:crashreport_upgrade:1.3.5] AndroidManifest.xml:15:5-68
MERGED from [com.tencent.bugly:crashreport_upgrade:1.3.5] AndroidManifest.xml:15:5-68
	android:name
		ADDED from src\main\AndroidManifest.xml:18:22-65
uses-permission#android.permission.REQUEST_INSTALL_PACKAGES
ADDED from src\main\AndroidManifest.xml:19:5-83
MERGED from [com.tencent.bugly:crashreport_upgrade:1.3.5] AndroidManifest.xml:17:5-83
MERGED from [com.tencent.bugly:crashreport_upgrade:1.3.5] AndroidManifest.xml:17:5-83
	android:name
		ADDED from src\main\AndroidManifest.xml:19:22-80
application
ADDED from src\main\AndroidManifest.xml:21:5-78:19
MERGED from [com.android.support:cardview-v7:25.3.1] AndroidManifest.xml:26:5-20
MERGED from [com.android.support:cardview-v7:25.3.1] AndroidManifest.xml:26:5-20
MERGED from [de.hdodenhof:circleimageview:2.0.0] AndroidManifest.xml:9:5-20
MERGED from [de.hdodenhof:circleimageview:2.0.0] AndroidManifest.xml:9:5-20
MERGED from [com.victor:lib:1.0.4] AndroidManifest.xml:11:5-14:19
MERGED from [com.victor:lib:1.0.4] AndroidManifest.xml:11:5-14:19
MERGED from [com.android.support.constraint:constraint-layout:1.0.2] AndroidManifest.xml:9:5-20
MERGED from [com.android.support.constraint:constraint-layout:1.0.2] AndroidManifest.xml:9:5-20
MERGED from [com.tinkerpatch.sdk:tinkerpatch-android-sdk:1.2.8] AndroidManifest.xml:13:5-21:19
MERGED from [com.tinkerpatch.sdk:tinkerpatch-android-sdk:1.2.8] AndroidManifest.xml:13:5-21:19
MERGED from [com.tencent.bugly:crashreport_upgrade:1.3.5] AndroidManifest.xml:20:5-44:19
MERGED from [com.tencent.bugly:crashreport_upgrade:1.3.5] AndroidManifest.xml:20:5-44:19
MERGED from [com.scwang.smartrefresh:SmartRefreshLayout:1.1.0-alpha-14] AndroidManifest.xml:11:5-15:19
MERGED from [com.scwang.smartrefresh:SmartRefreshLayout:1.1.0-alpha-14] AndroidManifest.xml:11:5-15:19
MERGED from [android.arch.lifecycle:extensions:1.1.1] AndroidManifest.xml:22:5-28:19
MERGED from [android.arch.lifecycle:extensions:1.1.1] AndroidManifest.xml:22:5-28:19
MERGED from [com.tinkerpatch.tinker:tinker-android-lib:1.9.8] AndroidManifest.xml:9:5-37:19
MERGED from [com.tinkerpatch.tinker:tinker-android-lib:1.9.8] AndroidManifest.xml:9:5-37:19
MERGED from [com.tinkerpatch.tinker:tinker-android-loader:1.9.8] AndroidManifest.xml:9:5-159:19
MERGED from [com.tinkerpatch.tinker:tinker-android-loader:1.9.8] AndroidManifest.xml:9:5-159:19
	android:supportsRtl
		ADDED from src\main\AndroidManifest.xml:27:9-35
	android:label
		ADDED from src\main\AndroidManifest.xml:25:9-41
	android:roundIcon
		ADDED from src\main\AndroidManifest.xml:26:9-54
	android:icon
		ADDED from src\main\AndroidManifest.xml:24:9-43
	android:allowBackup
		ADDED from src\main\AndroidManifest.xml:23:9-35
	android:theme
		ADDED from src\main\AndroidManifest.xml:28:9-45
	android:name
		ADDED from src\main\AndroidManifest.xml:22:9-28
meta-data#android.max_aspect
ADDED from src\main\AndroidManifest.xml:29:9-31:35
	android:value
		ADDED from src\main\AndroidManifest.xml:31:13-32
	android:name
		ADDED from src\main\AndroidManifest.xml:30:13-46
activity#com.tencent.bugly.beta.ui.BetaActivity
ADDED from src\main\AndroidManifest.xml:33:9-36:64
MERGED from [com.tencent.bugly:crashreport_upgrade:1.3.5] AndroidManifest.xml:23:9-27:56
MERGED from [com.tencent.bugly:crashreport_upgrade:1.3.5] AndroidManifest.xml:23:9-27:56
	android:configChanges
		ADDED from src\main\AndroidManifest.xml:35:13-81
	android:theme
		ADDED from src\main\AndroidManifest.xml:36:13-61
	tools:replace
		ADDED from [com.tencent.bugly:crashreport_upgrade:1.3.5] AndroidManifest.xml:27:13-53
	android:name
		ADDED from src\main\AndroidManifest.xml:34:13-66
activity#com.qgstudio.anywork.enter.EnterActivity
ADDED from src\main\AndroidManifest.xml:37:9-57
	android:name
		ADDED from src\main\AndroidManifest.xml:37:19-54
activity#com.qgstudio.anywork.StartActivity
ADDED from src\main\AndroidManifest.xml:38:9-46:20
	android:theme
		ADDED from src\main\AndroidManifest.xml:40:13-48
	android:name
		ADDED from src\main\AndroidManifest.xml:39:13-42
intent-filter#action:name:android.intent.action.MAIN+category:name:android.intent.category.LAUNCHER
ADDED from src\main\AndroidManifest.xml:41:13-45:29
action#android.intent.action.MAIN
ADDED from src\main\AndroidManifest.xml:42:17-69
	android:name
		ADDED from src\main\AndroidManifest.xml:42:25-66
category#android.intent.category.LAUNCHER
ADDED from src\main\AndroidManifest.xml:44:17-77
	android:name
		ADDED from src\main\AndroidManifest.xml:44:27-74
activity#com.qgstudio.anywork.grade.GradeActivity
ADDED from src\main\AndroidManifest.xml:47:9-57
	android:name
		ADDED from src\main\AndroidManifest.xml:47:19-54
activity#com.qgstudio.anywork.main.HomeActivity
ADDED from src\main\AndroidManifest.xml:48:9-55
	android:name
		ADDED from src\main\AndroidManifest.xml:48:19-52
activity#com.qgstudio.anywork.exam.ExamActivity
ADDED from src\main\AndroidManifest.xml:49:9-55
	android:name
		ADDED from src\main\AndroidManifest.xml:49:19-52
activity#com.qgstudio.anywork.paper.PaperActivity
ADDED from src\main\AndroidManifest.xml:50:9-57
	android:name
		ADDED from src\main\AndroidManifest.xml:50:19-54
activity#com.qgstudio.anywork.user.UserActivity
ADDED from src\main\AndroidManifest.xml:51:9-55
	android:name
		ADDED from src\main\AndroidManifest.xml:51:19-52
activity#com.qgstudio.anywork.main.SearchingActivity
ADDED from src\main\AndroidManifest.xml:52:9-60
	android:name
		ADDED from src\main\AndroidManifest.xml:52:19-57
activity#com.qgstudio.anywork.feedback.FeedbackActivity
ADDED from src\main\AndroidManifest.xml:53:9-63
	android:name
		ADDED from src\main\AndroidManifest.xml:53:19-60
activity#com.qgstudio.anywork.main.NewOrganizationActivity
ADDED from src\main\AndroidManifest.xml:54:9-66
	android:name
		ADDED from src\main\AndroidManifest.xml:54:19-63
activity#com.qgstudio.anywork.user.ChangePasswordActivity
ADDED from src\main\AndroidManifest.xml:55:9-65
	android:name
		ADDED from src\main\AndroidManifest.xml:55:19-62
activity#com.qgstudio.anywork.user.ChangeInfoActivity
ADDED from src\main\AndroidManifest.xml:56:9-61
	android:name
		ADDED from src\main\AndroidManifest.xml:56:19-58
receiver#com.qgstudio.anywork.common.NetworkStatusReceiver
ADDED from src\main\AndroidManifest.xml:58:9-62:20
	android:name
		ADDED from src\main\AndroidManifest.xml:58:19-63
intent-filter#action:name:android.net.conn.CONNECTIVITY_CHANGE
ADDED from src\main\AndroidManifest.xml:59:13-61:29
action#android.net.conn.CONNECTIVITY_CHANGE
ADDED from src\main\AndroidManifest.xml:60:17-79
	android:name
		ADDED from src\main\AndroidManifest.xml:60:25-76
activity#com.qgstudio.anywork.notice.NoticeActivity
ADDED from src\main\AndroidManifest.xml:64:9-59
	android:name
		ADDED from src\main\AndroidManifest.xml:64:19-56
service#com.qgstudio.anywork.user.AppService
ADDED from src\main\AndroidManifest.xml:66:9-70:42
	android:process
		ADDED from src\main\AndroidManifest.xml:70:13-38
	android:enabled
		ADDED from src\main\AndroidManifest.xml:68:13-35
	android:exported
		ADDED from src\main\AndroidManifest.xml:69:13-36
	android:name
		ADDED from src\main\AndroidManifest.xml:67:13-44
activity#com.qgstudio.anywork.workout.WorkoutContainerActivity
ADDED from src\main\AndroidManifest.xml:72:9-70
	android:name
		ADDED from src\main\AndroidManifest.xml:72:19-67
activity#com.qgstudio.anywork.search.SearchActivity
ADDED from src\main\AndroidManifest.xml:73:9-59
	android:name
		ADDED from src\main\AndroidManifest.xml:73:19-56
activity#com.qgstudio.anywork.workout.WorkoutActivity
ADDED from src\main\AndroidManifest.xml:74:9-76:64
	android:windowSoftInputMode
		ADDED from src\main\AndroidManifest.xml:76:13-52
	android:name
		ADDED from src\main\AndroidManifest.xml:75:13-52
activity#com.qgstudio.anywork.collection.CollectionActivity
ADDED from src\main\AndroidManifest.xml:77:9-76
	android:name
		ADDED from src\main\AndroidManifest.xml:77:19-64
uses-sdk
INJECTED from src\main\AndroidManifest.xml reason: use-sdk injection requested
INJECTED from src\main\AndroidManifest.xml
INJECTED from src\main\AndroidManifest.xml
MERGED from [com.github.littlejigege:suger:v0.0.8.7] AndroidManifest.xml:7:5-9:41
MERGED from [com.github.littlejigege:suger:v0.0.8.7] AndroidManifest.xml:7:5-9:41
MERGED from [com.android.support:design:27.1.0] AndroidManifest.xml:20:5-44
MERGED from [com.android.support:design:27.1.0] AndroidManifest.xml:20:5-44
MERGED from [com.android.support:appcompat-v7:27.1.0] AndroidManifest.xml:20:5-44
MERGED from [com.android.support:appcompat-v7:27.1.0] AndroidManifest.xml:20:5-44
MERGED from [com.android.support:recyclerview-v7:27.1.0] AndroidManifest.xml:20:5-44
MERGED from [com.android.support:recyclerview-v7:27.1.0] AndroidManifest.xml:20:5-44
MERGED from [com.android.support:cardview-v7:25.3.1] AndroidManifest.xml:20:5-43
MERGED from [com.android.support:cardview-v7:25.3.1] AndroidManifest.xml:20:5-43
MERGED from [com.jakewharton:butterknife:8.5.1] AndroidManifest.xml:5:5-43
MERGED from [com.jakewharton:butterknife:8.5.1] AndroidManifest.xml:5:5-43
MERGED from [io.reactivex:rxandroid:1.0.1] AndroidManifest.xml:19:5-43
MERGED from [io.reactivex:rxandroid:1.0.1] AndroidManifest.xml:19:5-43
MERGED from [de.hdodenhof:circleimageview:2.0.0] AndroidManifest.xml:5:5-7:41
MERGED from [de.hdodenhof:circleimageview:2.0.0] AndroidManifest.xml:5:5-7:41
MERGED from [com.victor:lib:1.0.4] AndroidManifest.xml:7:5-9:41
MERGED from [com.victor:lib:1.0.4] AndroidManifest.xml:7:5-9:41
MERGED from [jp.wasabeef:glide-transformations:2.0.1] AndroidManifest.xml:8:5-10:41
MERGED from [jp.wasabeef:glide-transformations:2.0.1] AndroidManifest.xml:8:5-10:41
MERGED from [com.android.support:support-v4:27.1.0] AndroidManifest.xml:20:5-44
MERGED from [com.android.support:support-v4:27.1.0] AndroidManifest.xml:20:5-44
MERGED from [com.android.support.constraint:constraint-layout:1.0.2] AndroidManifest.xml:5:5-7:41
MERGED from [com.android.support.constraint:constraint-layout:1.0.2] AndroidManifest.xml:5:5-7:41
MERGED from [com.tinkerpatch.sdk:tinkerpatch-android-sdk:1.2.8] AndroidManifest.xml:6:5-8:41
MERGED from [com.tinkerpatch.sdk:tinkerpatch-android-sdk:1.2.8] AndroidManifest.xml:6:5-8:41
MERGED from [com.tencent.bugly:crashreport_upgrade:1.3.5] AndroidManifest.xml:6:5-8:41
MERGED from [com.tencent.bugly:crashreport_upgrade:1.3.5] AndroidManifest.xml:6:5-8:41
MERGED from [com.tencent.bugly:nativecrashreport:3.3.1] AndroidManifest.xml:5:5-7:41
MERGED from [com.tencent.bugly:nativecrashreport:3.3.1] AndroidManifest.xml:5:5-7:41
MERGED from [com.scwang.smartrefresh:SmartRefreshLayout:1.1.0-alpha-14] AndroidManifest.xml:7:5-9:41
MERGED from [com.scwang.smartrefresh:SmartRefreshLayout:1.1.0-alpha-14] AndroidManifest.xml:7:5-9:41
MERGED from [android.arch.lifecycle:extensions:1.1.1] AndroidManifest.xml:20:5-44
MERGED from [android.arch.lifecycle:extensions:1.1.1] AndroidManifest.xml:20:5-44
MERGED from [com.tinkerpatch.tinker:tinker-android-lib:1.9.8] AndroidManifest.xml:5:5-7:41
MERGED from [com.tinkerpatch.tinker:tinker-android-lib:1.9.8] AndroidManifest.xml:5:5-7:41
MERGED from [com.tinkerpatch.tinker:tinker-android-loader:1.9.8] AndroidManifest.xml:5:5-7:41
MERGED from [com.tinkerpatch.tinker:tinker-android-loader:1.9.8] AndroidManifest.xml:5:5-7:41
MERGED from [android.arch.lifecycle:livedata:1.1.1] AndroidManifest.xml:20:5-44
MERGED from [android.arch.lifecycle:livedata:1.1.1] AndroidManifest.xml:20:5-44
MERGED from [com.android.support:support-fragment:27.1.0] AndroidManifest.xml:20:5-44
MERGED from [com.android.support:support-fragment:27.1.0] AndroidManifest.xml:20:5-44
MERGED from [android.arch.lifecycle:livedata-core:1.1.1] AndroidManifest.xml:20:5-44
MERGED from [android.arch.lifecycle:livedata-core:1.1.1] AndroidManifest.xml:20:5-44
MERGED from [android.arch.core:runtime:1.1.1] AndroidManifest.xml:20:5-44
MERGED from [android.arch.core:runtime:1.1.1] AndroidManifest.xml:20:5-44
MERGED from [com.android.support:transition:27.1.0] AndroidManifest.xml:20:5-44
MERGED from [com.android.support:transition:27.1.0] AndroidManifest.xml:20:5-44
MERGED from [com.android.support:animated-vector-drawable:27.1.0] AndroidManifest.xml:20:5-44
MERGED from [com.android.support:animated-vector-drawable:27.1.0] AndroidManifest.xml:20:5-44
MERGED from [com.android.support:support-core-ui:27.1.0] AndroidManifest.xml:20:5-44
MERGED from [com.android.support:support-core-ui:27.1.0] AndroidManifest.xml:20:5-44
MERGED from [com.android.support:support-core-utils:27.1.0] AndroidManifest.xml:20:5-44
MERGED from [com.android.support:support-core-utils:27.1.0] AndroidManifest.xml:20:5-44
MERGED from [com.android.support:support-vector-drawable:27.1.0] AndroidManifest.xml:20:5-44
MERGED from [com.android.support:support-vector-drawable:27.1.0] AndroidManifest.xml:20:5-44
MERGED from [com.android.support:support-media-compat:27.1.0] AndroidManifest.xml:20:5-44
MERGED from [com.android.support:support-media-compat:27.1.0] AndroidManifest.xml:20:5-44
MERGED from [com.android.support:support-compat:27.1.0] AndroidManifest.xml:20:5-44
MERGED from [com.android.support:support-compat:27.1.0] AndroidManifest.xml:20:5-44
MERGED from [android.arch.lifecycle:runtime:1.1.1] AndroidManifest.xml:20:5-44
MERGED from [android.arch.lifecycle:runtime:1.1.1] AndroidManifest.xml:20:5-44
MERGED from [android.arch.lifecycle:viewmodel:1.1.1] AndroidManifest.xml:20:5-44
MERGED from [android.arch.lifecycle:viewmodel:1.1.1] AndroidManifest.xml:20:5-44
INJECTED from src\main\AndroidManifest.xml
INJECTED from src\main\AndroidManifest.xml
	android:targetSdkVersion
		INJECTED from src\main\AndroidManifest.xml
		ADDED from src\main\AndroidManifest.xml
		INJECTED from src\main\AndroidManifest.xml
	android:minSdkVersion
		INJECTED from src\main\AndroidManifest.xml
		ADDED from src\main\AndroidManifest.xml
		INJECTED from src\main\AndroidManifest.xml
meta-data#android.support.VERSION
ADDED from [com.android.support:cardview-v7:25.3.1] AndroidManifest.xml:22:5-24:34
	android:value
		ADDED from [com.android.support:cardview-v7:25.3.1] AndroidManifest.xml:24:9-31
	android:name
		ADDED from [com.android.support:cardview-v7:25.3.1] AndroidManifest.xml:23:9-47
service#com.tinkerpatch.sdk.tinker.service.TinkerServerResultService
ADDED from [com.tinkerpatch.sdk:tinkerpatch-android-sdk:1.2.8] AndroidManifest.xml:14:9-16:40
	android:exported
		ADDED from [com.tinkerpatch.sdk:tinkerpatch-android-sdk:1.2.8] AndroidManifest.xml:16:13-37
	android:name
		ADDED from [com.tinkerpatch.sdk:tinkerpatch-android-sdk:1.2.8] AndroidManifest.xml:15:13-88
receiver#com.tinkerpatch.sdk.server.utils.ReportBroadCast
ADDED from [com.tinkerpatch.sdk:tinkerpatch-android-sdk:1.2.8] AndroidManifest.xml:18:9-20:40
	android:exported
		ADDED from [com.tinkerpatch.sdk:tinkerpatch-android-sdk:1.2.8] AndroidManifest.xml:20:13-37
	android:name
		ADDED from [com.tinkerpatch.sdk:tinkerpatch-android-sdk:1.2.8] AndroidManifest.xml:19:13-76
provider#com.tencent.bugly.beta.utils.BuglyFileProvider
ADDED from [com.tencent.bugly:crashreport_upgrade:1.3.5] AndroidManifest.xml:29:9-39:20
	android:grantUriPermissions
		ADDED from [com.tencent.bugly:crashreport_upgrade:1.3.5] AndroidManifest.xml:33:13-47
	android:authorities
		ADDED from [com.tencent.bugly:crashreport_upgrade:1.3.5] AndroidManifest.xml:31:13-64
	android:exported
		ADDED from [com.tencent.bugly:crashreport_upgrade:1.3.5] AndroidManifest.xml:32:13-37
	tools:replace
		ADDED from [com.tencent.bugly:crashreport_upgrade:1.3.5] AndroidManifest.xml:34:13-74
	android:name
		ADDED from [com.tencent.bugly:crashreport_upgrade:1.3.5] AndroidManifest.xml:30:13-74
meta-data#android.support.FILE_PROVIDER_PATHS
ADDED from [com.tencent.bugly:crashreport_upgrade:1.3.5] AndroidManifest.xml:35:13-38:49
	android:resource
		ADDED from [com.tencent.bugly:crashreport_upgrade:1.3.5] AndroidManifest.xml:37:17-55
	tools:replace
		ADDED from [com.tencent.bugly:crashreport_upgrade:1.3.5] AndroidManifest.xml:38:17-46
	android:name
		ADDED from [com.tencent.bugly:crashreport_upgrade:1.3.5] AndroidManifest.xml:36:17-67
service#com.tencent.bugly.beta.tinker.TinkerResultService
ADDED from [com.tencent.bugly:crashreport_upgrade:1.3.5] AndroidManifest.xml:41:9-43:40
	android:exported
		ADDED from [com.tencent.bugly:crashreport_upgrade:1.3.5] AndroidManifest.xml:43:13-37
	android:name
		ADDED from [com.tencent.bugly:crashreport_upgrade:1.3.5] AndroidManifest.xml:42:13-77
provider#android.arch.lifecycle.ProcessLifecycleOwnerInitializer
ADDED from [android.arch.lifecycle:extensions:1.1.1] AndroidManifest.xml:23:9-27:43
	android:authorities
		ADDED from [android.arch.lifecycle:extensions:1.1.1] AndroidManifest.xml:25:13-68
	android:multiprocess
		ADDED from [android.arch.lifecycle:extensions:1.1.1] AndroidManifest.xml:27:13-40
	android:exported
		ADDED from [android.arch.lifecycle:extensions:1.1.1] AndroidManifest.xml:26:13-37
	android:name
		ADDED from [android.arch.lifecycle:extensions:1.1.1] AndroidManifest.xml:24:13-83
service#com.tencent.tinker.lib.service.TinkerPatchService$IntentServiceRunner
ADDED from [com.tinkerpatch.tinker:tinker-android-lib:1.9.8] AndroidManifest.xml:19:9-22:40
	android:process
		ADDED from [com.tinkerpatch.tinker:tinker-android-lib:1.9.8] AndroidManifest.xml:22:13-37
	android:exported
		ADDED from [com.tinkerpatch.tinker:tinker-android-lib:1.9.8] AndroidManifest.xml:21:13-37
	android:name
		ADDED from [com.tinkerpatch.tinker:tinker-android-lib:1.9.8] AndroidManifest.xml:20:13-97
service#com.tencent.tinker.lib.service.TinkerPatchService$IntentServiceRunner$InnerService
ADDED from [com.tinkerpatch.tinker:tinker-android-lib:1.9.8] AndroidManifest.xml:23:9-26:40
	android:process
		ADDED from [com.tinkerpatch.tinker:tinker-android-lib:1.9.8] AndroidManifest.xml:26:13-37
	android:exported
		ADDED from [com.tinkerpatch.tinker:tinker-android-lib:1.9.8] AndroidManifest.xml:25:13-37
	android:name
		ADDED from [com.tinkerpatch.tinker:tinker-android-lib:1.9.8] AndroidManifest.xml:24:13-110
service#com.tencent.tinker.lib.service.TinkerPatchService$JobServiceRunner
ADDED from [com.tinkerpatch.tinker:tinker-android-lib:1.9.8] AndroidManifest.xml:27:9-31:40
	android:process
		ADDED from [com.tinkerpatch.tinker:tinker-android-lib:1.9.8] AndroidManifest.xml:31:13-37
	android:exported
		ADDED from [com.tinkerpatch.tinker:tinker-android-lib:1.9.8] AndroidManifest.xml:29:13-37
	android:permission
		ADDED from [com.tinkerpatch.tinker:tinker-android-lib:1.9.8] AndroidManifest.xml:30:13-69
	android:name
		ADDED from [com.tinkerpatch.tinker:tinker-android-lib:1.9.8] AndroidManifest.xml:28:13-94
service#com.tencent.tinker.lib.service.DefaultTinkerResultService
ADDED from [com.tinkerpatch.tinker:tinker-android-lib:1.9.8] AndroidManifest.xml:34:9-36:40
	android:exported
		ADDED from [com.tinkerpatch.tinker:tinker-android-lib:1.9.8] AndroidManifest.xml:36:13-37
	android:name
		ADDED from [com.tinkerpatch.tinker:tinker-android-lib:1.9.8] AndroidManifest.xml:35:13-85
activity#com.tencent.tinker.loader.hotplug.ActivityStubs$STDStub_00
ADDED from [com.tinkerpatch.tinker:tinker-android-loader:1.9.8] AndroidManifest.xml:10:9-95
	android:name
		ADDED from [com.tinkerpatch.tinker:tinker-android-loader:1.9.8] AndroidManifest.xml:10:19-92
activity#com.tencent.tinker.loader.hotplug.ActivityStubs$STDStub_01
ADDED from [com.tinkerpatch.tinker:tinker-android-loader:1.9.8] AndroidManifest.xml:11:9-95
	android:name
		ADDED from [com.tinkerpatch.tinker:tinker-android-loader:1.9.8] AndroidManifest.xml:11:19-92
activity#com.tencent.tinker.loader.hotplug.ActivityStubs$STDStub_02
ADDED from [com.tinkerpatch.tinker:tinker-android-loader:1.9.8] AndroidManifest.xml:12:9-95
	android:name
		ADDED from [com.tinkerpatch.tinker:tinker-android-loader:1.9.8] AndroidManifest.xml:12:19-92
activity#com.tencent.tinker.loader.hotplug.ActivityStubs$STDStub_03
ADDED from [com.tinkerpatch.tinker:tinker-android-loader:1.9.8] AndroidManifest.xml:13:9-95
	android:name
		ADDED from [com.tinkerpatch.tinker:tinker-android-loader:1.9.8] AndroidManifest.xml:13:19-92
activity#com.tencent.tinker.loader.hotplug.ActivityStubs$STDStub_04
ADDED from [com.tinkerpatch.tinker:tinker-android-loader:1.9.8] AndroidManifest.xml:14:9-95
	android:name
		ADDED from [com.tinkerpatch.tinker:tinker-android-loader:1.9.8] AndroidManifest.xml:14:19-92
activity#com.tencent.tinker.loader.hotplug.ActivityStubs$STDStub_05
ADDED from [com.tinkerpatch.tinker:tinker-android-loader:1.9.8] AndroidManifest.xml:15:9-95
	android:name
		ADDED from [com.tinkerpatch.tinker:tinker-android-loader:1.9.8] AndroidManifest.xml:15:19-92
activity#com.tencent.tinker.loader.hotplug.ActivityStubs$STDStub_06
ADDED from [com.tinkerpatch.tinker:tinker-android-loader:1.9.8] AndroidManifest.xml:16:9-95
	android:name
		ADDED from [com.tinkerpatch.tinker:tinker-android-loader:1.9.8] AndroidManifest.xml:16:19-92
activity#com.tencent.tinker.loader.hotplug.ActivityStubs$STDStub_07
ADDED from [com.tinkerpatch.tinker:tinker-android-loader:1.9.8] AndroidManifest.xml:17:9-95
	android:name
		ADDED from [com.tinkerpatch.tinker:tinker-android-loader:1.9.8] AndroidManifest.xml:17:19-92
activity#com.tencent.tinker.loader.hotplug.ActivityStubs$STDStub_08
ADDED from [com.tinkerpatch.tinker:tinker-android-loader:1.9.8] AndroidManifest.xml:18:9-95
	android:name
		ADDED from [com.tinkerpatch.tinker:tinker-android-loader:1.9.8] AndroidManifest.xml:18:19-92
activity#com.tencent.tinker.loader.hotplug.ActivityStubs$STDStub_09
ADDED from [com.tinkerpatch.tinker:tinker-android-loader:1.9.8] AndroidManifest.xml:19:9-95
	android:name
		ADDED from [com.tinkerpatch.tinker:tinker-android-loader:1.9.8] AndroidManifest.xml:19:19-92
activity#com.tencent.tinker.loader.hotplug.ActivityStubs$STDStub_00_T
ADDED from [com.tinkerpatch.tinker:tinker-android-loader:1.9.8] AndroidManifest.xml:20:9-22:64
	android:theme
		ADDED from [com.tinkerpatch.tinker:tinker-android-loader:1.9.8] AndroidManifest.xml:22:13-61
	android:name
		ADDED from [com.tinkerpatch.tinker:tinker-android-loader:1.9.8] AndroidManifest.xml:21:13-88
activity#com.tencent.tinker.loader.hotplug.ActivityStubs$STDStub_01_T
ADDED from [com.tinkerpatch.tinker:tinker-android-loader:1.9.8] AndroidManifest.xml:23:9-25:64
	android:theme
		ADDED from [com.tinkerpatch.tinker:tinker-android-loader:1.9.8] AndroidManifest.xml:25:13-61
	android:name
		ADDED from [com.tinkerpatch.tinker:tinker-android-loader:1.9.8] AndroidManifest.xml:24:13-88
activity#com.tencent.tinker.loader.hotplug.ActivityStubs$STDStub_02_T
ADDED from [com.tinkerpatch.tinker:tinker-android-loader:1.9.8] AndroidManifest.xml:26:9-28:64
	android:theme
		ADDED from [com.tinkerpatch.tinker:tinker-android-loader:1.9.8] AndroidManifest.xml:28:13-61
	android:name
		ADDED from [com.tinkerpatch.tinker:tinker-android-loader:1.9.8] AndroidManifest.xml:27:13-88
activity#com.tencent.tinker.loader.hotplug.ActivityStubs$SGTStub_00
ADDED from [com.tinkerpatch.tinker:tinker-android-loader:1.9.8] AndroidManifest.xml:29:9-31:46
	android:launchMode
		ADDED from [com.tinkerpatch.tinker:tinker-android-loader:1.9.8] AndroidManifest.xml:31:13-43
	android:name
		ADDED from [com.tinkerpatch.tinker:tinker-android-loader:1.9.8] AndroidManifest.xml:30:13-86
activity#com.tencent.tinker.loader.hotplug.ActivityStubs$SGTStub_01
ADDED from [com.tinkerpatch.tinker:tinker-android-loader:1.9.8] AndroidManifest.xml:32:9-34:46
	android:launchMode
		ADDED from [com.tinkerpatch.tinker:tinker-android-loader:1.9.8] AndroidManifest.xml:34:13-43
	android:name
		ADDED from [com.tinkerpatch.tinker:tinker-android-loader:1.9.8] AndroidManifest.xml:33:13-86
activity#com.tencent.tinker.loader.hotplug.ActivityStubs$SGTStub_02
ADDED from [com.tinkerpatch.tinker:tinker-android-loader:1.9.8] AndroidManifest.xml:35:9-37:46
	android:launchMode